[ 2019-04-28T15:07:28+08:00 ] 127.0.0.1 /tpblog/
INFO: [ app_init ] --START--
INFO: Run Behavior\BuildLiteBehavior [ RunTime:0.001000s ]
INFO: [ app_init ] --END-- [ RunTime:0.031003s ]
INFO: [ app_begin ] --START--
INFO: Run Behavior\ReadHtmlCacheBehavior [ RunTime:0.041004s ]
INFO: [ app_begin ] --END-- [ RunTime:0.043004s ]
SQL: SHOW COLUMNS FROM `setting` [ RunTime:0.1010s ]
SQL: SELECT * FROM `setting`  [ RunTime:0.0010s ]
SQL: SHOW COLUMNS FROM `page` [ RunTime:0.0170s ]
SQL: SELECT * FROM `page` ORDER BY pid desc LIMIT 0,10   [ RunTime:0.0320s ]
INFO: [ view_parse ] --START--
INFO: [ template_filter ] --START--
INFO: Run Behavior\ContentReplaceBehavior [ RunTime:0.001000s ]
INFO: [ template_filter ] --END-- [ RunTime:0.002000s ]
INFO: Run Behavior\ParseTemplateBehavior [ RunTime:0.433043s ]
INFO: [ view_parse ] --END-- [ RunTime:0.435043s ]
INFO: [ view_filter ] --START--
INFO: Run Behavior\WriteHtmlCacheBehavior [ RunTime:0.044005s ]
INFO: [ view_filter ] --END-- [ RunTime:0.046005s ]
INFO: [ app_end ] --START--
INFO: Run Behavior\ShowPageTraceBehavior [ RunTime:0.062006s ]
INFO: [ app_end ] --END-- [ RunTime:0.063006s ]

[ 2019-04-28T15:34:46+08:00 ] 127.0.0.1 /tpblog/index.php/Home/Index/read.html?pid=599
INFO: [ app_init ] --START--
INFO: Run Behavior\BuildLiteBehavior [ RunTime:0.000000s ]
INFO: [ app_init ] --END-- [ RunTime:0.013002s ]
INFO: [ app_begin ] --START--
INFO: Run Behavior\ReadHtmlCacheBehavior [ RunTime:0.002000s ]
INFO: [ app_begin ] --END-- [ RunTime:0.004000s ]
SQL: SHOW COLUMNS FROM `setting` [ RunTime:0.0420s ]
SQL: SELECT * FROM `setting`  [ RunTime:0.0090s ]
SQL: SHOW COLUMNS FROM `page` [ RunTime:0.0180s ]
SQL: SELECT * FROM `page` WHERE `pid` = 599 LIMIT 1   [ RunTime:0.0010s ]
INFO: [ view_parse ] --START--
INFO: [ template_filter ] --START--
INFO: Run Behavior\ContentReplaceBehavior [ RunTime:0.000000s ]
INFO: [ template_filter ] --END-- [ RunTime:0.002000s ]
INFO: Run Behavior\ParseTemplateBehavior [ RunTime:0.068007s ]
INFO: [ view_parse ] --END-- [ RunTime:0.069007s ]
INFO: [ view_filter ] --START--
INFO: Run Behavior\WriteHtmlCacheBehavior [ RunTime:0.003001s ]
INFO: [ view_filter ] --END-- [ RunTime:0.004001s ]
INFO: [ app_end ] --START--
INFO: Run Behavior\ShowPageTraceBehavior [ RunTime:0.004000s ]
INFO: [ app_end ] --END-- [ RunTime:0.004000s ]

[ 2019-04-28T15:34:53+08:00 ] 127.0.0.1 /tpblog/index.php/Home/index.html
INFO: [ app_init ] --START--
INFO: Run Behavior\BuildLiteBehavior [ RunTime:0.000000s ]
INFO: [ app_init ] --END-- [ RunTime:0.004001s ]
INFO: [ app_begin ] --START--
INFO: Run Behavior\ReadHtmlCacheBehavior [ RunTime:0.004001s ]
INFO: [ app_begin ] --END-- [ RunTime:0.005001s ]
SQL: SHOW COLUMNS FROM `setting` [ RunTime:0.0220s ]
SQL: SELECT * FROM `setting`  [ RunTime:0.0010s ]
SQL: SHOW COLUMNS FROM `page` [ RunTime:0.0220s ]
SQL: SELECT * FROM `page` ORDER BY pid desc LIMIT 0,10   [ RunTime:0.0020s ]
INFO: [ view_parse ] --START--
INFO: [ template_filter ] --START--
INFO: Run Behavior\ContentReplaceBehavior [ RunTime:0.000000s ]
INFO: [ template_filter ] --END-- [ RunTime:0.002000s ]
INFO: Run Behavior\ParseTemplateBehavior [ RunTime:0.073008s ]
INFO: [ view_parse ] --END-- [ RunTime:0.074008s ]
INFO: [ view_filter ] --START--
INFO: Run Behavior\WriteHtmlCacheBehavior [ RunTime:0.002000s ]
INFO: [ view_filter ] --END-- [ RunTime:0.003000s ]
INFO: [ app_end ] --START--
INFO: Run Behavior\ShowPageTraceBehavior [ RunTime:0.004000s ]
INFO: [ app_end ] --END-- [ RunTime:0.005001s ]

[ 2019-04-28T15:34:58+08:00 ] 127.0.0.1 /tpblog/index.php/Home/Index/read.html?pid=611
INFO: [ app_init ] --START--
INFO: Run Behavior\BuildLiteBehavior [ RunTime:0.001000s ]
INFO: [ app_init ] --END-- [ RunTime:0.005001s ]
INFO: [ app_begin ] --START--
INFO: Run Behavior\ReadHtmlCacheBehavior [ RunTime:0.004001s ]
INFO: [ app_begin ] --END-- [ RunTime:0.005001s ]
SQL: SHOW COLUMNS FROM `setting` [ RunTime:0.0200s ]
SQL: SELECT * FROM `setting`  [ RunTime:0.0010s ]
SQL: SHOW COLUMNS FROM `page` [ RunTime:0.0220s ]
SQL: SELECT * FROM `page` WHERE `pid` = 611 LIMIT 1   [ RunTime:0.0010s ]
INFO: [ view_parse ] --START--
INFO: [ template_filter ] --START--
INFO: Run Behavior\ContentReplaceBehavior [ RunTime:0.000000s ]
INFO: [ template_filter ] --END-- [ RunTime:0.002000s ]
INFO: Run Behavior\ParseTemplateBehavior [ RunTime:0.036004s ]
INFO: [ view_parse ] --END-- [ RunTime:0.037004s ]
INFO: [ view_filter ] --START--
INFO: Run Behavior\WriteHtmlCacheBehavior [ RunTime:0.003000s ]
INFO: [ view_filter ] --END-- [ RunTime:0.003000s ]
INFO: [ app_end ] --START--
INFO: Run Behavior\ShowPageTraceBehavior [ RunTime:0.004001s ]
INFO: [ app_end ] --END-- [ RunTime:0.004001s ]

[ 2019-04-28T15:35:24+08:00 ] 127.0.0.1 /tpblog/index.php/Home/index.html
INFO: [ app_init ] --START--
INFO: Run Behavior\BuildLiteBehavior [ RunTime:0.000000s ]
INFO: [ app_init ] --END-- [ RunTime:0.003001s ]
INFO: [ app_begin ] --START--
INFO: Run Behavior\ReadHtmlCacheBehavior [ RunTime:0.003000s ]
INFO: [ app_begin ] --END-- [ RunTime:0.004000s ]
SQL: SHOW COLUMNS FROM `setting` [ RunTime:0.0220s ]
SQL: SELECT * FROM `setting`  [ RunTime:0.0010s ]
SQL: SHOW COLUMNS FROM `page` [ RunTime:0.0240s ]
SQL: SELECT * FROM `page` ORDER BY pid desc LIMIT 0,10   [ RunTime:0.0010s ]
INFO: [ view_parse ] --START--
INFO: [ template_filter ] --START--
INFO: Run Behavior\ContentReplaceBehavior [ RunTime:0.000000s ]
INFO: [ template_filter ] --END-- [ RunTime:0.002001s ]
INFO: Run Behavior\ParseTemplateBehavior [ RunTime:0.046004s ]
INFO: [ view_parse ] --END-- [ RunTime:0.047004s ]
INFO: [ view_filter ] --START--
INFO: Run Behavior\WriteHtmlCacheBehavior [ RunTime:0.004001s ]
INFO: [ view_filter ] --END-- [ RunTime:0.004001s ]
INFO: [ app_end ] --START--
INFO: Run Behavior\ShowPageTraceBehavior [ RunTime:0.004000s ]
INFO: [ app_end ] --END-- [ RunTime:0.006001s ]

