[ 2019-09-25T08:51:27+08:00 ] 127.0.0.1 /tpblog/Public/simditor-2.3.5/styles/font-awesome.css
INFO: [ app_init ] --START--
INFO: Run Behavior\BuildLiteBehavior [ RunTime:0.000000s ]
INFO: [ app_init ] --END-- [ RunTime:0.003001s ]
ERR: 无法加载模块:Public

[ 2019-09-25T08:51:29+08:00 ] 127.0.0.1 /tpblog/Public/simditor-2.3.5/styles/font-awesome.css
INFO: [ app_init ] --START--
INFO: Run Behavior\BuildLiteBehavior [ RunTime:0.000000s ]
INFO: [ app_init ] --END-- [ RunTime:0.004001s ]
ERR: 无法加载模块:Public

[ 2019-09-25T11:38:37+08:00 ] 127.0.0.1 /tpblog/Public/simditor-2.3.5/styles/font-awesome.css
INFO: [ app_init ] --START--
INFO: Run Behavior\BuildLiteBehavior [ RunTime:0.000000s ]
INFO: [ app_init ] --END-- [ RunTime:0.003000s ]
ERR: 无法加载模块:Public

[ 2019-09-25T11:38:39+08:00 ] 127.0.0.1 /tpblog/Public/simditor-2.3.5/styles/font-awesome.css
INFO: [ app_init ] --START--
INFO: Run Behavior\BuildLiteBehavior [ RunTime:0.000000s ]
INFO: [ app_init ] --END-- [ RunTime:0.003001s ]
ERR: 无法加载模块:Public

[ 2019-09-25T11:40:43+08:00 ] 127.0.0.1 /tpblog/Public/simditor-2.3.5/styles/font-awesome.css
INFO: [ app_init ] --START--
INFO: Run Behavior\BuildLiteBehavior [ RunTime:0.000000s ]
INFO: [ app_init ] --END-- [ RunTime:0.004001s ]
ERR: 无法加载模块:Public

[ 2019-09-25T11:40:45+08:00 ] 127.0.0.1 /tpblog/Public/simditor-2.3.5/styles/font-awesome.css
INFO: [ app_init ] --START--
INFO: Run Behavior\BuildLiteBehavior [ RunTime:0.000000s ]
INFO: [ app_init ] --END-- [ RunTime:0.004000s ]
ERR: 无法加载模块:Public

[ 2019-09-25T13:47:16+08:00 ] 127.0.0.1 /tpblog/Public/simditor-2.3.5/styles/font-awesome.css
INFO: [ app_init ] --START--
INFO: Run Behavior\BuildLiteBehavior [ RunTime:0.000000s ]
INFO: [ app_init ] --END-- [ RunTime:0.003000s ]
ERR: 无法加载模块:Public

[ 2019-09-25T13:47:18+08:00 ] 127.0.0.1 /tpblog/Public/simditor-2.3.5/styles/font-awesome.css
INFO: [ app_init ] --START--
INFO: Run Behavior\BuildLiteBehavior [ RunTime:0.001000s ]
INFO: [ app_init ] --END-- [ RunTime:0.008000s ]
ERR: 无法加载模块:Public

[ 2019-09-25T13:49:42+08:00 ] 127.0.0.1 /tpblog/Public/simditor-2.3.5/styles/font-awesome.css
INFO: [ app_init ] --START--
INFO: Run Behavior\BuildLiteBehavior [ RunTime:0.001000s ]
INFO: [ app_init ] --END-- [ RunTime:0.002000s ]
ERR: 无法加载模块:Public

[ 2019-09-25T13:49:44+08:00 ] 127.0.0.1 /tpblog/Public/simditor-2.3.5/styles/font-awesome.css
INFO: [ app_init ] --START--
INFO: Run Behavior\BuildLiteBehavior [ RunTime:0.000000s ]
INFO: [ app_init ] --END-- [ RunTime:0.002000s ]
ERR: 无法加载模块:Public

