[ 2019-09-26T08:53:41+08:00 ] 127.0.0.1 /tpblog/index.php/Admin/Blog/delete.html?pid=582
INFO: [ app_init ] --START--
INFO: Run Behavior\BuildLiteBehavior [ RunTime:0.000000s ]
INFO: [ app_init ] --END-- [ RunTime:0.007000s ]
INFO: [ app_begin ] --START--
INFO: Run Behavior\ReadHtmlCacheBehavior [ RunTime:0.010000s ]
INFO: [ app_begin ] --END-- [ RunTime:0.011000s ]
SQL: SHOW COLUMNS FROM `admin` [ RunTime:0.0920s ]
SQL: SELECT * FROM `admin` WHERE `aid` = 6 LIMIT 1   [ RunTime:0.0140s ]
SQL: SHOW COLUMNS FROM `page` [ RunTime:0.0230s ]
SQL: DELETE FROM `page` WHERE `pid` = 582 [ RunTime:0.1750s ]

[ 2019-09-26T08:53:42+08:00 ] 127.0.0.1 /tpblog/index.php/Admin/Blog.html
INFO: [ app_init ] --START--
INFO: Run Behavior\BuildLiteBehavior [ RunTime:0.001000s ]
INFO: [ app_init ] --END-- [ RunTime:0.002000s ]
INFO: [ app_begin ] --START--
INFO: Run Behavior\ReadHtmlCacheBehavior [ RunTime:0.003000s ]
INFO: [ app_begin ] --END-- [ RunTime:0.005000s ]
SQL: SHOW COLUMNS FROM `admin` [ RunTime:0.0320s ]
SQL: SELECT * FROM `admin` WHERE `aid` = 6 LIMIT 1   [ RunTime:0.0010s ]
SQL: SHOW COLUMNS FROM `setting` [ RunTime:0.0510s ]
SQL: SELECT * FROM `setting`  [ RunTime:0.0090s ]
SQL: SHOW COLUMNS FROM `page` [ RunTime:0.0140s ]
SQL: SELECT COUNT(*) AS tp_count FROM `page` LIMIT 1   [ RunTime:0.0110s ]
SQL: SELECT * FROM `page` ORDER BY pid desc LIMIT 0,15   [ RunTime:0.0010s ]
INFO: [ view_parse ] --START--
INFO: [ template_filter ] --START--
INFO: Run Behavior\ContentReplaceBehavior [ RunTime:0.012000s ]
INFO: [ template_filter ] --END-- [ RunTime:0.012000s ]
INFO: Run Behavior\ParseTemplateBehavior [ RunTime:0.188011s ]
INFO: [ view_parse ] --END-- [ RunTime:0.189011s ]
INFO: [ view_filter ] --START--
INFO: Run Behavior\WriteHtmlCacheBehavior [ RunTime:0.011000s ]
INFO: [ view_filter ] --END-- [ RunTime:0.012000s ]
INFO: [ app_end ] --START--
INFO: Run Behavior\ShowPageTraceBehavior [ RunTime:0.008000s ]
INFO: [ app_end ] --END-- [ RunTime:0.009000s ]

[ 2019-09-26T09:04:12+08:00 ] 127.0.0.1 /tpblog/index.php/Admin/Index/index.html
INFO: [ app_init ] --START--
INFO: Run Behavior\BuildLiteBehavior [ RunTime:0.000000s ]
INFO: [ app_init ] --END-- [ RunTime:0.002999s ]
INFO: [ app_begin ] --START--
INFO: Run Behavior\ReadHtmlCacheBehavior [ RunTime:0.003999s ]
INFO: [ app_begin ] --END-- [ RunTime:0.006999s ]
SQL: SHOW COLUMNS FROM `admin` [ RunTime:0.0150s ]
SQL: SELECT * FROM `admin` WHERE `aid` = 6 LIMIT 1   [ RunTime:0.0010s ]
NOTIC: [8] Use of undefined constant session - assumed 'session' D:\wamp64\www\tpblog\Application\Admin\Controller\IndexController.class.php 第 5 行.
NOTIC: [2] Illegal string offset 'aid' D:\wamp64\www\tpblog\Application\Admin\Controller\IndexController.class.php 第 5 行.
INFO: [ view_parse ] --START--
INFO: [ template_filter ] --START--
INFO: Run Behavior\ContentReplaceBehavior [ RunTime:0.001000s ]
INFO: [ template_filter ] --END-- [ RunTime:0.002000s ]
INFO: Run Behavior\ParseTemplateBehavior [ RunTime:0.063993s ]
INFO: [ view_parse ] --END-- [ RunTime:0.063993s ]
INFO: [ view_filter ] --START--
INFO: Run Behavior\WriteHtmlCacheBehavior [ RunTime:0.003000s ]
INFO: [ view_filter ] --END-- [ RunTime:0.006000s ]
INFO: [ app_end ] --START--
INFO: Run Behavior\ShowPageTraceBehavior [ RunTime:0.002999s ]
INFO: [ app_end ] --END-- [ RunTime:0.003999s ]

